LN: include/arch to arch/arm/include
LN: include/arch/board to /home/libardi/PX4_tilting_multicopters_prisma_lab/platforms/nuttx/NuttX/nuttx/../../../../boards/px4/fmu-v5/nuttx-config/include
LN: include/arch/chip to arch/arm/include/stm32f7
LN: arch/arm/src/board to /home/libardi/PX4_tilting_multicopters_prisma_lab/platforms/nuttx/NuttX/nuttx/../../../../boards/px4/fmu-v5/nuttx-config/src
LN: arch/arm/src/chip to arch/arm/src/stm32f7
LN: /home/libardi/PX4_tilting_multicopters_prisma_lab/platforms/nuttx/NuttX/nuttx/drivers/platform to /home/libardi/PX4_tilting_multicopters_prisma_lab/platforms/nuttx/NuttX/nuttx/drivers/dummy
LN: platform/board to /home/libardi/PX4_tilting_multicopters_prisma_lab/platforms/nuttx/NuttX/apps/platform/dummy
mkkconfig in /home/libardi/PX4_tilting_multicopters_prisma_lab/platforms/nuttx/NuttX/apps/canutils
mkkconfig in /home/libardi/PX4_tilting_multicopters_prisma_lab/platforms/nuttx/NuttX/apps/crypto
mkkconfig in /home/libardi/PX4_tilting_multicopters_prisma_lab/platforms/nuttx/NuttX/apps/examples
mkkconfig in /home/libardi/PX4_tilting_multicopters_prisma_lab/platforms/nuttx/NuttX/apps/fsutils
mkkconfig in /home/libardi/PX4_tilting_multicopters_prisma_lab/platforms/nuttx/NuttX/apps/gpsutils
mkkconfig in /home/libardi/PX4_tilting_multicopters_prisma_lab/platforms/nuttx/NuttX/apps/graphics
mkkconfig in /home/libardi/PX4_tilting_multicopters_prisma_lab/platforms/nuttx/NuttX/apps/industry
mkkconfig in /home/libardi/PX4_tilting_multicopters_prisma_lab/platforms/nuttx/NuttX/apps/interpreters
mkkconfig in /home/libardi/PX4_tilting_multicopters_prisma_lab/platforms/nuttx/NuttX/apps/math
mkkconfig in /home/libardi/PX4_tilting_multicopters_prisma_lab/platforms/nuttx/NuttX/apps/netutils
mkkconfig in /home/libardi/PX4_tilting_multicopters_prisma_lab/platforms/nuttx/NuttX/apps/system/libuv
mkkconfig in /home/libardi/PX4_tilting_multicopters_prisma_lab/platforms/nuttx/NuttX/apps/system
mkkconfig in /home/libardi/PX4_tilting_multicopters_prisma_lab/platforms/nuttx/NuttX/apps/testing
mkkconfig in /home/libardi/PX4_tilting_multicopters_prisma_lab/platforms/nuttx/NuttX/apps/wireless/bluetooth
mkkconfig in /home/libardi/PX4_tilting_multicopters_prisma_lab/platforms/nuttx/NuttX/apps/wireless/ieee802154
mkkconfig in /home/libardi/PX4_tilting_multicopters_prisma_lab/platforms/nuttx/NuttX/apps/wireless
mkkconfig in /home/libardi/PX4_tilting_multicopters_prisma_lab/platforms/nuttx/NuttX/apps
DEBUG: kconfiglib kconfig-conf wrapper, arguments: --olddefconfig Kconfig
